mode: count
github.com/EslamYasser-Dev/simple-file-share/infrastructure/adapters/secondary/logging/std_logger.go:16.32,18.2 1 0
github.com/EslamYasser-Dev/simple-file-share/infrastructure/adapters/secondary/logging/std_logger.go:21.68,23.2 1 0
github.com/EslamYasser-Dev/simple-file-share/infrastructure/adapters/secondary/logging/std_logger.go:26.69,28.2 1 0
github.com/EslamYasser-Dev/simple-file-share/infrastructure/adapters/secondary/logging/std_logger.go:31.69,33.2 1 0
github.com/EslamYasser-Dev/simple-file-share/infrastructure/adapters/secondary/logging/std_logger.go:36.74,40.29 3 0
github.com/EslamYasser-Dev/simple-file-share/infrastructure/adapters/secondary/logging/std_logger.go:40.29,43.3 2 0
github.com/EslamYasser-Dev/simple-file-share/infrastructure/adapters/secondary/logging/std_logger.go:46.2,50.45 4 0
github.com/EslamYasser-Dev/simple-file-share/infrastructure/adapters/secondary/logging/std_logger.go:50.45,51.31 1 0
github.com/EslamYasser-Dev/simple-file-share/infrastructure/adapters/secondary/logging/std_logger.go:51.31,54.4 2 0
github.com/EslamYasser-Dev/simple-file-share/infrastructure/adapters/secondary/logging/std_logger.go:54.9,57.4 2 0
github.com/EslamYasser-Dev/simple-file-share/infrastructure/adapters/secondary/logging/std_logger.go:60.2,60.29 1 0
github.com/EslamYasser-Dev/simple-file-share/application/services/download_file_service.go:13.81,15.2 1 0
github.com/EslamYasser-Dev/simple-file-share/application/services/download_file_service.go:17.87,19.16 2 0
github.com/EslamYasser-Dev/simple-file-share/application/services/download_file_service.go:19.16,21.3 1 0
github.com/EslamYasser-Dev/simple-file-share/application/services/download_file_service.go:22.2,22.13 1 0
github.com/EslamYasser-Dev/simple-file-share/application/services/download_file_service.go:22.13,24.3 1 0
github.com/EslamYasser-Dev/simple-file-share/application/services/download_file_service.go:26.2,27.16 2 0
github.com/EslamYasser-Dev/simple-file-share/application/services/download_file_service.go:27.16,29.3 1 0
github.com/EslamYasser-Dev/simple-file-share/application/services/download_file_service.go:30.2,30.11 1 0
github.com/EslamYasser-Dev/simple-file-share/application/services/download_file_service.go:30.11,32.3 1 0
github.com/EslamYasser-Dev/simple-file-share/application/services/download_file_service.go:34.2,34.35 1 0
github.com/EslamYasser-Dev/simple-file-share/application/services/download_zip_service.go:14.79,16.2 1 0
github.com/EslamYasser-Dev/simple-file-share/application/services/download_zip_service.go:18.86,20.16 2 0
github.com/EslamYasser-Dev/simple-file-share/application/services/download_zip_service.go:20.16,22.3 1 0
github.com/EslamYasser-Dev/simple-file-share/application/services/download_zip_service.go:23.2,23.12 1 0
github.com/EslamYasser-Dev/simple-file-share/application/services/download_zip_service.go:23.12,25.3 1 0
github.com/EslamYasser-Dev/simple-file-share/application/services/download_zip_service.go:27.2,28.16 2 0
github.com/EslamYasser-Dev/simple-file-share/application/services/download_zip_service.go:28.16,30.3 1 0
github.com/EslamYasser-Dev/simple-file-share/application/services/download_zip_service.go:32.2,32.53 1 0
github.com/EslamYasser-Dev/simple-file-share/application/services/list_file_service.go:12.75,14.2 1 0
github.com/EslamYasser-Dev/simple-file-share/application/services/list_file_service.go:16.75,18.16 2 0
github.com/EslamYasser-Dev/simple-file-share/application/services/list_file_service.go:18.16,20.3 1 0
github.com/EslamYasser-Dev/simple-file-share/application/services/list_file_service.go:21.2,21.12 1 0
github.com/EslamYasser-Dev/simple-file-share/application/services/list_file_service.go:21.12,23.3 1 0
github.com/EslamYasser-Dev/simple-file-share/application/services/list_file_service.go:25.2,26.16 2 0
github.com/EslamYasser-Dev/simple-file-share/application/services/list_file_service.go:26.16,28.3 1 0
github.com/EslamYasser-Dev/simple-file-share/application/services/list_file_service.go:30.2,30.56 1 0
github.com/EslamYasser-Dev/simple-file-share/application/services/upload_service.go:14.69,16.2 1 0
github.com/EslamYasser-Dev/simple-file-share/application/services/upload_service.go:18.89,21.29 2 0
github.com/EslamYasser-Dev/simple-file-share/application/services/upload_service.go:21.29,23.21 2 0
github.com/EslamYasser-Dev/simple-file-share/application/services/upload_service.go:23.21,25.12 2 0
github.com/EslamYasser-Dev/simple-file-share/application/services/upload_service.go:28.3,29.57 2 0
github.com/EslamYasser-Dev/simple-file-share/application/services/upload_service.go:29.57,31.12 2 0
github.com/EslamYasser-Dev/simple-file-share/application/services/upload_service.go:34.3,35.17 2 0
github.com/EslamYasser-Dev/simple-file-share/application/services/upload_service.go:35.17,37.12 2 0
github.com/EslamYasser-Dev/simple-file-share/application/services/upload_service.go:40.3,43.5 1 0
github.com/EslamYasser-Dev/simple-file-share/application/services/upload_service.go:46.2,46.21 1 0
github.com/EslamYasser-Dev/simple-file-share/domain/errors/not_found.go:7.40,9.2 1 0
github.com/EslamYasser-Dev/simple-file-share/infrastructure/adapters/secondary/tls/in_memory_cert_gen.go:21.75,23.16 2 0
github.com/EslamYasser-Dev/simple-file-share/infrastructure/adapters/secondary/tls/in_memory_cert_gen.go:23.16,25.3 1 0
github.com/EslamYasser-Dev/simple-file-share/infrastructure/adapters/secondary/tls/in_memory_cert_gen.go:27.2,28.16 2 0
github.com/EslamYasser-Dev/simple-file-share/infrastructure/adapters/secondary/tls/in_memory_cert_gen.go:28.16,30.3 1 0
github.com/EslamYasser-Dev/simple-file-share/infrastructure/adapters/secondary/tls/in_memory_cert_gen.go:32.2,58.16 5 0
github.com/EslamYasser-Dev/simple-file-share/infrastructure/adapters/secondary/tls/in_memory_cert_gen.go:58.16,60.3 1 0
github.com/EslamYasser-Dev/simple-file-share/infrastructure/adapters/secondary/tls/in_memory_cert_gen.go:62.2,65.29 3 0
github.com/EslamYasser-Dev/simple-file-share/infrastructure/adapters/secondary/fs/local_file_repository.go:20.66,22.2 1 0
github.com/EslamYasser-Dev/simple-file-share/infrastructure/adapters/secondary/fs/local_file_repository.go:25.59,28.2 2 0
github.com/EslamYasser-Dev/simple-file-share/infrastructure/adapters/secondary/fs/local_file_repository.go:31.86,34.16 3 0
github.com/EslamYasser-Dev/simple-file-share/infrastructure/adapters/secondary/fs/local_file_repository.go:34.16,36.3 1 0
github.com/EslamYasser-Dev/simple-file-share/infrastructure/adapters/secondary/fs/local_file_repository.go:38.2,39.32 2 0
github.com/EslamYasser-Dev/simple-file-share/infrastructure/adapters/secondary/fs/local_file_repository.go:39.32,43.32 4 0
github.com/EslamYasser-Dev/simple-file-share/infrastructure/adapters/secondary/fs/local_file_repository.go:43.32,46.4 2 0
github.com/EslamYasser-Dev/simple-file-share/infrastructure/adapters/secondary/fs/local_file_repository.go:48.3,57.5 3 0
github.com/EslamYasser-Dev/simple-file-share/infrastructure/adapters/secondary/fs/local_file_repository.go:59.2,59.19 1 0
github.com/EslamYasser-Dev/simple-file-share/infrastructure/adapters/secondary/fs/local_file_repository.go:63.70,65.16 2 0
github.com/EslamYasser-Dev/simple-file-share/infrastructure/adapters/secondary/fs/local_file_repository.go:65.16,67.3 1 0
github.com/EslamYasser-Dev/simple-file-share/infrastructure/adapters/secondary/fs/local_file_repository.go:68.2,68.26 1 0
github.com/EslamYasser-Dev/simple-file-share/infrastructure/adapters/secondary/fs/local_file_repository.go:72.69,74.24 2 0
github.com/EslamYasser-Dev/simple-file-share/infrastructure/adapters/secondary/fs/local_file_repository.go:74.24,76.3 1 0
github.com/EslamYasser-Dev/simple-file-share/infrastructure/adapters/secondary/fs/local_file_repository.go:77.2,77.24 1 0
github.com/EslamYasser-Dev/simple-file-share/infrastructure/adapters/secondary/fs/local_file_repository.go:81.89,84.16 3 0
github.com/EslamYasser-Dev/simple-file-share/infrastructure/adapters/secondary/fs/local_file_repository.go:84.16,86.3 1 0
github.com/EslamYasser-Dev/simple-file-share/infrastructure/adapters/secondary/fs/local_file_repository.go:87.2,87.43 1 0
github.com/EslamYasser-Dev/simple-file-share/infrastructure/adapters/secondary/fs/local_file_repository.go:91.66,93.2 1 0
github.com/EslamYasser-Dev/simple-file-share/infrastructure/adapters/secondary/fs/local_file_repository.go:96.95,100.66 3 0
github.com/EslamYasser-Dev/simple-file-share/infrastructure/adapters/secondary/fs/local_file_repository.go:100.66,102.3 1 0
github.com/EslamYasser-Dev/simple-file-share/infrastructure/adapters/secondary/fs/local_file_repository.go:104.2,105.16 2 0
github.com/EslamYasser-Dev/simple-file-share/infrastructure/adapters/secondary/fs/local_file_repository.go:105.16,107.3 1 0
github.com/EslamYasser-Dev/simple-file-share/infrastructure/adapters/secondary/fs/local_file_repository.go:108.2,110.29 2 0
github.com/EslamYasser-Dev/simple-file-share/infrastructure/adapters/secondary/fs/local_file_repository.go:114.84,117.12 2 0
github.com/EslamYasser-Dev/simple-file-share/infrastructure/adapters/secondary/fs/local_file_repository.go:117.12,119.65 2 0
github.com/EslamYasser-Dev/simple-file-share/infrastructure/adapters/secondary/fs/local_file_repository.go:119.65,121.4 1 0
github.com/EslamYasser-Dev/simple-file-share/infrastructure/adapters/secondary/fs/local_file_repository.go:124.2,124.16 1 0
github.com/EslamYasser-Dev/simple-file-share/infrastructure/adapters/secondary/fs/local_file_repository.go:128.52,129.11 1 0
github.com/EslamYasser-Dev/simple-file-share/infrastructure/adapters/secondary/fs/local_file_repository.go:129.11,131.3 1 0
github.com/EslamYasser-Dev/simple-file-share/infrastructure/adapters/secondary/fs/local_file_repository.go:132.2,133.17 2 0
github.com/EslamYasser-Dev/simple-file-share/infrastructure/adapters/secondary/fs/local_file_repository.go:133.17,135.3 1 0
github.com/EslamYasser-Dev/simple-file-share/infrastructure/adapters/secondary/fs/local_file_repository.go:136.2,137.45 2 0
github.com/EslamYasser-Dev/simple-file-share/infrastructure/adapters/secondary/fs/local_file_repository.go:137.45,140.3 2 0
github.com/EslamYasser-Dev/simple-file-share/infrastructure/adapters/secondary/fs/local_file_repository.go:141.2,141.76 1 0
github.com/EslamYasser-Dev/simple-file-share/infrastructure/adapters/secondary/config/env_config_provider.go:18.57,20.16 2 0
github.com/EslamYasser-Dev/simple-file-share/infrastructure/adapters/secondary/config/env_config_provider.go:20.16,22.3 1 0
github.com/EslamYasser-Dev/simple-file-share/infrastructure/adapters/secondary/config/env_config_provider.go:24.2,29.8 1 0
github.com/EslamYasser-Dev/simple-file-share/infrastructure/adapters/secondary/config/env_config_provider.go:32.50,32.67 1 0
github.com/EslamYasser-Dev/simple-file-share/infrastructure/adapters/secondary/config/env_config_provider.go:33.50,33.71 1 0
github.com/EslamYasser-Dev/simple-file-share/infrastructure/adapters/secondary/config/env_config_provider.go:34.50,34.71 1 0
github.com/EslamYasser-Dev/simple-file-share/infrastructure/adapters/secondary/config/env_config_provider.go:35.50,35.70 1 0
github.com/EslamYasser-Dev/simple-file-share/infrastructure/adapters/secondary/config/env_config_provider.go:38.42,39.42 1 0
github.com/EslamYasser-Dev/simple-file-share/infrastructure/adapters/secondary/config/env_config_provider.go:39.42,41.3 1 0
github.com/EslamYasser-Dev/simple-file-share/infrastructure/adapters/secondary/config/env_config_provider.go:42.2,42.17 1 0
github.com/EslamYasser-Dev/simple-file-share/infrastructure/utils/zip_writer.go:12.51,16.82 3 0
github.com/EslamYasser-Dev/simple-file-share/infrastructure/utils/zip_writer.go:16.82,17.17 1 0
github.com/EslamYasser-Dev/simple-file-share/infrastructure/utils/zip_writer.go:17.17,19.4 1 0
github.com/EslamYasser-Dev/simple-file-share/infrastructure/utils/zip_writer.go:21.3,22.17 2 0
github.com/EslamYasser-Dev/simple-file-share/infrastructure/utils/zip_writer.go:22.17,24.4 1 0
github.com/EslamYasser-Dev/simple-file-share/infrastructure/utils/zip_writer.go:26.3,27.17 2 0
github.com/EslamYasser-Dev/simple-file-share/infrastructure/utils/zip_writer.go:27.17,29.4 1 0
github.com/EslamYasser-Dev/simple-file-share/infrastructure/utils/zip_writer.go:30.3,31.19 2 0
github.com/EslamYasser-Dev/simple-file-share/infrastructure/utils/zip_writer.go:31.19,33.4 1 0
github.com/EslamYasser-Dev/simple-file-share/infrastructure/utils/zip_writer.go:34.3,37.17 3 0
github.com/EslamYasser-Dev/simple-file-share/infrastructure/utils/zip_writer.go:37.17,39.4 1 0
github.com/EslamYasser-Dev/simple-file-share/infrastructure/utils/zip_writer.go:41.3,41.20 1 0
github.com/EslamYasser-Dev/simple-file-share/infrastructure/utils/zip_writer.go:41.20,43.18 2 0
github.com/EslamYasser-Dev/simple-file-share/infrastructure/utils/zip_writer.go:43.18,45.5 1 0
github.com/EslamYasser-Dev/simple-file-share/infrastructure/utils/zip_writer.go:46.4,48.14 3 0
github.com/EslamYasser-Dev/simple-file-share/infrastructure/utils/zip_writer.go:51.3,51.13 1 0
github.com/EslamYasser-Dev/simple-file-share/infrastructure/adapters/secondary/auth/static_auth_provider.go:12.75,17.2 1 0
github.com/EslamYasser-Dev/simple-file-share/infrastructure/adapters/secondary/auth/static_auth_provider.go:20.75,22.2 1 0
